2026-05-19 23:02:37 +08:00: Error: listen EADDRINUSE: address already in use 0.0.0.0:3002
2026-05-19 23:02:37 +08:00:     at Server.setupListenHandle [as _listen2] (node:net:1948:16)
2026-05-19 23:02:37 +08:00:     at listenInCluster (node:net:2005:12)
2026-05-19 23:02:37 +08:00:     at node:net:2214:7
2026-05-19 23:02:37 +08:00:     at process.processTicksAndRejections (node:internal/process/task_queues:90:21) {
2026-05-19 23:02:37 +08:00:   code: 'EADDRINUSE',
2026-05-19 23:02:37 +08:00:   errno: -4091,
2026-05-19 23:02:37 +08:00:   syscall: 'listen',
2026-05-19 23:02:37 +08:00:   address: '0.0.0.0',
2026-05-19 23:02:37 +08:00:   port: 3002
2026-05-19 23:02:37 +08:00: }
2026-05-19 23:02:37 +08:00: Error: listen EADDRINUSE: address already in use 0.0.0.0:3002
2026-05-19 23:02:37 +08:00:     at Server.setupListenHandle [as _listen2] (node:net:1948:16)
2026-05-19 23:02:37 +08:00:     at listenInCluster (node:net:2005:12)
2026-05-19 23:02:37 +08:00:     at node:net:2214:7
2026-05-19 23:02:37 +08:00:     at process.processTicksAndRejections (node:internal/process/task_queues:90:21) {
2026-05-19 23:02:37 +08:00:   code: 'EADDRINUSE',
2026-05-19 23:02:37 +08:00:   errno: -4091,
2026-05-19 23:02:37 +08:00:   syscall: 'listen',
2026-05-19 23:02:37 +08:00:   address: '0.0.0.0',
2026-05-19 23:02:37 +08:00:   port: 3002
2026-05-19 23:02:37 +08:00: }
2026-05-19 23:02:37 +08:00: Error: listen EADDRINUSE: address already in use 0.0.0.0:3002
2026-05-19 23:02:37 +08:00:     at Server.setupListenHandle [as _listen2] (node:net:1948:16)
2026-05-19 23:02:37 +08:00:     at listenInCluster (node:net:2005:12)
2026-05-19 23:02:37 +08:00:     at node:net:2214:7
2026-05-19 23:02:37 +08:00:     at process.processTicksAndRejections (node:internal/process/task_queues:90:21) {
2026-05-19 23:02:37 +08:00:   code: 'EADDRINUSE',
2026-05-19 23:02:37 +08:00:   errno: -4091,
2026-05-19 23:02:37 +08:00:   syscall: 'listen',
2026-05-19 23:02:37 +08:00:   address: '0.0.0.0',
2026-05-19 23:02:37 +08:00:   port: 3002
2026-05-19 23:02:37 +08:00: }
2026-05-19 23:02:38 +08:00: Error: listen EADDRINUSE: address already in use 0.0.0.0:3002
2026-05-19 23:02:38 +08:00:     at Server.setupListenHandle [as _listen2] (node:net:1948:16)
2026-05-19 23:02:38 +08:00:     at listenInCluster (node:net:2005:12)
2026-05-19 23:02:38 +08:00:     at node:net:2214:7
2026-05-19 23:02:38 +08:00:     at process.processTicksAndRejections (node:internal/process/task_queues:90:21) {
2026-05-19 23:02:38 +08:00:   code: 'EADDRINUSE',
2026-05-19 23:02:38 +08:00:   errno: -4091,
2026-05-19 23:02:38 +08:00:   syscall: 'listen',
2026-05-19 23:02:38 +08:00:   address: '0.0.0.0',
2026-05-19 23:02:38 +08:00:   port: 3002
2026-05-19 23:02:38 +08:00: }
2026-05-19 23:02:39 +08:00: Error: listen EADDRINUSE: address already in use 0.0.0.0:3002
2026-05-19 23:02:39 +08:00:     at Server.setupListenHandle [as _listen2] (node:net:1948:16)
2026-05-19 23:02:39 +08:00:     at listenInCluster (node:net:2005:12)
2026-05-19 23:02:39 +08:00:     at node:net:2214:7
2026-05-19 23:02:39 +08:00:     at process.processTicksAndRejections (node:internal/process/task_queues:90:21) {
2026-05-19 23:02:39 +08:00:   code: 'EADDRINUSE',
2026-05-19 23:02:39 +08:00:   errno: -4091,
2026-05-19 23:02:39 +08:00:   syscall: 'listen',
2026-05-19 23:02:39 +08:00:   address: '0.0.0.0',
2026-05-19 23:02:39 +08:00:   port: 3002
2026-05-19 23:02:39 +08:00: }
2026-05-19 23:02:40 +08:00: Error: listen EADDRINUSE: address already in use 0.0.0.0:3002
2026-05-19 23:02:40 +08:00:     at Server.setupListenHandle [as _listen2] (node:net:1948:16)
2026-05-19 23:02:40 +08:00:     at listenInCluster (node:net:2005:12)
2026-05-19 23:02:40 +08:00:     at node:net:2214:7
2026-05-19 23:02:40 +08:00:     at process.processTicksAndRejections (node:internal/process/task_queues:90:21) {
2026-05-19 23:02:40 +08:00:   code: 'EADDRINUSE',
2026-05-19 23:02:40 +08:00:   errno: -4091,
2026-05-19 23:02:40 +08:00:   syscall: 'listen',
2026-05-19 23:02:40 +08:00:   address: '0.0.0.0',
2026-05-19 23:02:40 +08:00:   port: 3002
2026-05-19 23:02:40 +08:00: }
2026-05-19 23:02:40 +08:00: Error: listen EADDRINUSE: address already in use 0.0.0.0:3002
2026-05-19 23:02:40 +08:00:     at Server.setupListenHandle [as _listen2] (node:net:1948:16)
2026-05-19 23:02:40 +08:00:     at listenInCluster (node:net:2005:12)
2026-05-19 23:02:40 +08:00:     at node:net:2214:7
2026-05-19 23:02:40 +08:00:     at process.processTicksAndRejections (node:internal/process/task_queues:90:21) {
2026-05-19 23:02:40 +08:00:   code: 'EADDRINUSE',
2026-05-19 23:02:40 +08:00:   errno: -4091,
2026-05-19 23:02:40 +08:00:   syscall: 'listen',
2026-05-19 23:02:40 +08:00:   address: '0.0.0.0',
2026-05-19 23:02:40 +08:00:   port: 3002
2026-05-19 23:02:40 +08:00: }
2026-05-19 23:02:41 +08:00: Error: listen EADDRINUSE: address already in use 0.0.0.0:3002
2026-05-19 23:02:41 +08:00:     at Server.setupListenHandle [as _listen2] (node:net:1948:16)
2026-05-19 23:02:41 +08:00:     at listenInCluster (node:net:2005:12)
2026-05-19 23:02:41 +08:00:     at node:net:2214:7
2026-05-19 23:02:41 +08:00:     at process.processTicksAndRejections (node:internal/process/task_queues:90:21) {
2026-05-19 23:02:41 +08:00:   code: 'EADDRINUSE',
2026-05-19 23:02:41 +08:00:   errno: -4091,
2026-05-19 23:02:41 +08:00:   syscall: 'listen',
2026-05-19 23:02:41 +08:00:   address: '0.0.0.0',
2026-05-19 23:02:41 +08:00:   port: 3002
2026-05-19 23:02:41 +08:00: }
2026-05-19 23:02:42 +08:00: Error: listen EADDRINUSE: address already in use 0.0.0.0:3002
2026-05-19 23:02:42 +08:00:     at Server.setupListenHandle [as _listen2] (node:net:1948:16)
2026-05-19 23:02:42 +08:00:     at listenInCluster (node:net:2005:12)
2026-05-19 23:02:42 +08:00:     at node:net:2214:7
2026-05-19 23:02:42 +08:00:     at process.processTicksAndRejections (node:internal/process/task_queues:90:21) {
2026-05-19 23:02:42 +08:00:   code: 'EADDRINUSE',
2026-05-19 23:02:42 +08:00:   errno: -4091,
2026-05-19 23:02:42 +08:00:   syscall: 'listen',
2026-05-19 23:02:42 +08:00:   address: '0.0.0.0',
2026-05-19 23:02:42 +08:00:   port: 3002
2026-05-19 23:02:42 +08:00: }
2026-05-19 23:02:43 +08:00: Error: listen EADDRINUSE: address already in use 0.0.0.0:3002
2026-05-19 23:02:43 +08:00:     at Server.setupListenHandle [as _listen2] (node:net:1948:16)
2026-05-19 23:02:43 +08:00:     at listenInCluster (node:net:2005:12)
2026-05-19 23:02:43 +08:00:     at node:net:2214:7
2026-05-19 23:02:43 +08:00:     at process.processTicksAndRejections (node:internal/process/task_queues:90:21) {
2026-05-19 23:02:43 +08:00:   code: 'EADDRINUSE',
2026-05-19 23:02:43 +08:00:   errno: -4091,
2026-05-19 23:02:43 +08:00:   syscall: 'listen',
2026-05-19 23:02:43 +08:00:   address: '0.0.0.0',
2026-05-19 23:02:43 +08:00:   port: 3002
2026-05-19 23:02:43 +08:00: }
2026-05-19 23:02:43 +08:00: Error: listen EADDRINUSE: address already in use 0.0.0.0:3002
2026-05-19 23:02:43 +08:00:     at Server.setupListenHandle [as _listen2] (node:net:1948:16)
2026-05-19 23:02:43 +08:00:     at listenInCluster (node:net:2005:12)
2026-05-19 23:02:43 +08:00:     at node:net:2214:7
2026-05-19 23:02:43 +08:00:     at process.processTicksAndRejections (node:internal/process/task_queues:90:21) {
2026-05-19 23:02:43 +08:00:   code: 'EADDRINUSE',
2026-05-19 23:02:43 +08:00:   errno: -4091,
2026-05-19 23:02:43 +08:00:   syscall: 'listen',
2026-05-19 23:02:43 +08:00:   address: '0.0.0.0',
2026-05-19 23:02:43 +08:00:   port: 3002
2026-05-19 23:02:43 +08:00: }
2026-05-19 23:02:44 +08:00: Error: listen EADDRINUSE: address already in use 0.0.0.0:3002
2026-05-19 23:02:44 +08:00:     at Server.setupListenHandle [as _listen2] (node:net:1948:16)
2026-05-19 23:02:44 +08:00:     at listenInCluster (node:net:2005:12)
2026-05-19 23:02:44 +08:00:     at node:net:2214:7
2026-05-19 23:02:44 +08:00:     at process.processTicksAndRejections (node:internal/process/task_queues:90:21) {
2026-05-19 23:02:44 +08:00:   code: 'EADDRINUSE',
2026-05-19 23:02:44 +08:00:   errno: -4091,
2026-05-19 23:02:44 +08:00:   syscall: 'listen',
2026-05-19 23:02:44 +08:00:   address: '0.0.0.0',
2026-05-19 23:02:44 +08:00:   port: 3002
2026-05-19 23:02:44 +08:00: }
2026-05-19 23:02:45 +08:00: Error: listen EADDRINUSE: address already in use 0.0.0.0:3002
2026-05-19 23:02:45 +08:00:     at Server.setupListenHandle [as _listen2] (node:net:1948:16)
2026-05-19 23:02:45 +08:00:     at listenInCluster (node:net:2005:12)
2026-05-19 23:02:45 +08:00:     at node:net:2214:7
2026-05-19 23:02:45 +08:00:     at process.processTicksAndRejections (node:internal/process/task_queues:90:21) {
2026-05-19 23:02:45 +08:00:   code: 'EADDRINUSE',
2026-05-19 23:02:45 +08:00:   errno: -4091,
2026-05-19 23:02:45 +08:00:   syscall: 'listen',
2026-05-19 23:02:45 +08:00:   address: '0.0.0.0',
2026-05-19 23:02:45 +08:00:   port: 3002
2026-05-19 23:02:45 +08:00: }
2026-05-19 23:02:45 +08:00: Error: listen EADDRINUSE: address already in use 0.0.0.0:3002
2026-05-19 23:02:45 +08:00:     at Server.setupListenHandle [as _listen2] (node:net:1948:16)
2026-05-19 23:02:45 +08:00:     at listenInCluster (node:net:2005:12)
2026-05-19 23:02:45 +08:00:     at node:net:2214:7
2026-05-19 23:02:45 +08:00:     at process.processTicksAndRejections (node:internal/process/task_queues:90:21) {
2026-05-19 23:02:45 +08:00:   code: 'EADDRINUSE',
2026-05-19 23:02:45 +08:00:   errno: -4091,
2026-05-19 23:02:45 +08:00:   syscall: 'listen',
2026-05-19 23:02:45 +08:00:   address: '0.0.0.0',
2026-05-19 23:02:45 +08:00:   port: 3002
2026-05-19 23:02:45 +08:00: }
2026-05-19 23:02:46 +08:00: Error: listen EADDRINUSE: address already in use 0.0.0.0:3002
2026-05-19 23:02:46 +08:00:     at Server.setupListenHandle [as _listen2] (node:net:1948:16)
2026-05-19 23:02:46 +08:00:     at listenInCluster (node:net:2005:12)
2026-05-19 23:02:46 +08:00:     at node:net:2214:7
2026-05-19 23:02:46 +08:00:     at process.processTicksAndRejections (node:internal/process/task_queues:90:21) {
2026-05-19 23:02:46 +08:00:   code: 'EADDRINUSE',
2026-05-19 23:02:46 +08:00:   errno: -4091,
2026-05-19 23:02:46 +08:00:   syscall: 'listen',
2026-05-19 23:02:46 +08:00:   address: '0.0.0.0',
2026-05-19 23:02:46 +08:00:   port: 3002
2026-05-19 23:02:46 +08:00: }
2026-05-19 23:02:47 +08:00: Error: listen EADDRINUSE: address already in use 0.0.0.0:3002
2026-05-19 23:02:47 +08:00:     at Server.setupListenHandle [as _listen2] (node:net:1948:16)
2026-05-19 23:02:47 +08:00:     at listenInCluster (node:net:2005:12)
2026-05-19 23:02:47 +08:00:     at node:net:2214:7
2026-05-19 23:02:47 +08:00:     at process.processTicksAndRejections (node:internal/process/task_queues:90:21) {
2026-05-19 23:02:47 +08:00:   code: 'EADDRINUSE',
2026-05-19 23:02:47 +08:00:   errno: -4091,
2026-05-19 23:02:47 +08:00:   syscall: 'listen',
2026-05-19 23:02:47 +08:00:   address: '0.0.0.0',
2026-05-19 23:02:47 +08:00:   port: 3002
2026-05-19 23:02:47 +08:00: }
2026-05-19 23:04:26 +08:00: Error: listen EADDRINUSE: address already in use 0.0.0.0:3002
2026-05-19 23:04:26 +08:00:     at Server.setupListenHandle [as _listen2] (node:net:1948:16)
2026-05-19 23:04:26 +08:00:     at listenInCluster (node:net:2005:12)
2026-05-19 23:04:26 +08:00:     at node:net:2214:7
2026-05-19 23:04:26 +08:00:     at process.processTicksAndRejections (node:internal/process/task_queues:90:21) {
2026-05-19 23:04:26 +08:00:   code: 'EADDRINUSE',
2026-05-19 23:04:26 +08:00:   errno: -4091,
2026-05-19 23:04:26 +08:00:   syscall: 'listen',
2026-05-19 23:04:26 +08:00:   address: '0.0.0.0',
2026-05-19 23:04:26 +08:00:   port: 3002
2026-05-19 23:04:26 +08:00: }
2026-05-19 23:04:26 +08:00: Error: listen EADDRINUSE: address already in use 0.0.0.0:3002
2026-05-19 23:04:26 +08:00:     at Server.setupListenHandle [as _listen2] (node:net:1948:16)
2026-05-19 23:04:26 +08:00:     at listenInCluster (node:net:2005:12)
2026-05-19 23:04:26 +08:00:     at node:net:2214:7
2026-05-19 23:04:26 +08:00:     at process.processTicksAndRejections (node:internal/process/task_queues:90:21) {
2026-05-19 23:04:26 +08:00:   code: 'EADDRINUSE',
2026-05-19 23:04:26 +08:00:   errno: -4091,
2026-05-19 23:04:26 +08:00:   syscall: 'listen',
2026-05-19 23:04:26 +08:00:   address: '0.0.0.0',
2026-05-19 23:04:26 +08:00:   port: 3002
2026-05-19 23:04:26 +08:00: }
2026-05-19 23:04:26 +08:00: Error: listen EADDRINUSE: address already in use 0.0.0.0:3002
2026-05-19 23:04:26 +08:00:     at Server.setupListenHandle [as _listen2] (node:net:1948:16)
2026-05-19 23:04:26 +08:00:     at listenInCluster (node:net:2005:12)
2026-05-19 23:04:26 +08:00:     at node:net:2214:7
2026-05-19 23:04:26 +08:00:     at process.processTicksAndRejections (node:internal/process/task_queues:90:21) {
2026-05-19 23:04:26 +08:00:   code: 'EADDRINUSE',
2026-05-19 23:04:26 +08:00:   errno: -4091,
2026-05-19 23:04:26 +08:00:   syscall: 'listen',
2026-05-19 23:04:26 +08:00:   address: '0.0.0.0',
2026-05-19 23:04:26 +08:00:   port: 3002
2026-05-19 23:04:26 +08:00: }
2026-05-19 23:04:27 +08:00: Error: listen EADDRINUSE: address already in use 0.0.0.0:3002
2026-05-19 23:04:27 +08:00:     at Server.setupListenHandle [as _listen2] (node:net:1948:16)
2026-05-19 23:04:27 +08:00:     at listenInCluster (node:net:2005:12)
2026-05-19 23:04:27 +08:00:     at node:net:2214:7
2026-05-19 23:04:27 +08:00:     at process.processTicksAndRejections (node:internal/process/task_queues:90:21) {
2026-05-19 23:04:27 +08:00:   code: 'EADDRINUSE',
2026-05-19 23:04:27 +08:00:   errno: -4091,
2026-05-19 23:04:27 +08:00:   syscall: 'listen',
2026-05-19 23:04:27 +08:00:   address: '0.0.0.0',
2026-05-19 23:04:27 +08:00:   port: 3002
2026-05-19 23:04:27 +08:00: }
2026-05-19 23:04:27 +08:00: Error: listen EADDRINUSE: address already in use 0.0.0.0:3002
2026-05-19 23:04:27 +08:00:     at Server.setupListenHandle [as _listen2] (node:net:1948:16)
2026-05-19 23:04:27 +08:00:     at listenInCluster (node:net:2005:12)
2026-05-19 23:04:27 +08:00:     at node:net:2214:7
2026-05-19 23:04:27 +08:00:     at process.processTicksAndRejections (node:internal/process/task_queues:90:21) {
2026-05-19 23:04:27 +08:00:   code: 'EADDRINUSE',
2026-05-19 23:04:27 +08:00:   errno: -4091,
2026-05-19 23:04:27 +08:00:   syscall: 'listen',
2026-05-19 23:04:27 +08:00:   address: '0.0.0.0',
2026-05-19 23:04:27 +08:00:   port: 3002
2026-05-19 23:04:27 +08:00: }
2026-05-19 23:04:28 +08:00: Error: listen EADDRINUSE: address already in use 0.0.0.0:3002
2026-05-19 23:04:28 +08:00:     at Server.setupListenHandle [as _listen2] (node:net:1948:16)
2026-05-19 23:04:28 +08:00:     at listenInCluster (node:net:2005:12)
2026-05-19 23:04:28 +08:00:     at node:net:2214:7
2026-05-19 23:04:28 +08:00:     at process.processTicksAndRejections (node:internal/process/task_queues:90:21) {
2026-05-19 23:04:28 +08:00:   code: 'EADDRINUSE',
2026-05-19 23:04:28 +08:00:   errno: -4091,
2026-05-19 23:04:28 +08:00:   syscall: 'listen',
2026-05-19 23:04:28 +08:00:   address: '0.0.0.0',
2026-05-19 23:04:28 +08:00:   port: 3002
2026-05-19 23:04:28 +08:00: }
2026-05-19 23:04:28 +08:00: Error: listen EADDRINUSE: address already in use 0.0.0.0:3002
2026-05-19 23:04:28 +08:00:     at Server.setupListenHandle [as _listen2] (node:net:1948:16)
2026-05-19 23:04:28 +08:00:     at listenInCluster (node:net:2005:12)
2026-05-19 23:04:28 +08:00:     at node:net:2214:7
2026-05-19 23:04:28 +08:00:     at process.processTicksAndRejections (node:internal/process/task_queues:90:21) {
2026-05-19 23:04:28 +08:00:   code: 'EADDRINUSE',
2026-05-19 23:04:28 +08:00:   errno: -4091,
2026-05-19 23:04:28 +08:00:   syscall: 'listen',
2026-05-19 23:04:28 +08:00:   address: '0.0.0.0',
2026-05-19 23:04:28 +08:00:   port: 3002
2026-05-19 23:04:28 +08:00: }
2026-05-19 23:04:29 +08:00: Error: listen EADDRINUSE: address already in use 0.0.0.0:3002
2026-05-19 23:04:29 +08:00:     at Server.setupListenHandle [as _listen2] (node:net:1948:16)
2026-05-19 23:04:29 +08:00:     at listenInCluster (node:net:2005:12)
2026-05-19 23:04:29 +08:00:     at node:net:2214:7
2026-05-19 23:04:29 +08:00:     at process.processTicksAndRejections (node:internal/process/task_queues:90:21) {
2026-05-19 23:04:29 +08:00:   code: 'EADDRINUSE',
2026-05-19 23:04:29 +08:00:   errno: -4091,
2026-05-19 23:04:29 +08:00:   syscall: 'listen',
2026-05-19 23:04:29 +08:00:   address: '0.0.0.0',
2026-05-19 23:04:29 +08:00:   port: 3002
2026-05-19 23:04:29 +08:00: }
2026-05-19 23:04:29 +08:00: Error: listen EADDRINUSE: address already in use 0.0.0.0:3002
2026-05-19 23:04:29 +08:00:     at Server.setupListenHandle [as _listen2] (node:net:1948:16)
2026-05-19 23:04:29 +08:00:     at listenInCluster (node:net:2005:12)
2026-05-19 23:04:29 +08:00:     at node:net:2214:7
2026-05-19 23:04:29 +08:00:     at process.processTicksAndRejections (node:internal/process/task_queues:90:21) {
2026-05-19 23:04:29 +08:00:   code: 'EADDRINUSE',
2026-05-19 23:04:29 +08:00:   errno: -4091,
2026-05-19 23:04:29 +08:00:   syscall: 'listen',
2026-05-19 23:04:29 +08:00:   address: '0.0.0.0',
2026-05-19 23:04:29 +08:00:   port: 3002
2026-05-19 23:04:29 +08:00: }
2026-05-19 23:04:30 +08:00: Error: listen EADDRINUSE: address already in use 0.0.0.0:3002
2026-05-19 23:04:30 +08:00:     at Server.setupListenHandle [as _listen2] (node:net:1948:16)
2026-05-19 23:04:30 +08:00:     at listenInCluster (node:net:2005:12)
2026-05-19 23:04:30 +08:00:     at node:net:2214:7
2026-05-19 23:04:30 +08:00:     at process.processTicksAndRejections (node:internal/process/task_queues:90:21) {
2026-05-19 23:04:30 +08:00:   code: 'EADDRINUSE',
2026-05-19 23:04:30 +08:00:   errno: -4091,
2026-05-19 23:04:30 +08:00:   syscall: 'listen',
2026-05-19 23:04:30 +08:00:   address: '0.0.0.0',
2026-05-19 23:04:30 +08:00:   port: 3002
2026-05-19 23:04:30 +08:00: }
2026-05-19 23:04:31 +08:00: Error: listen EADDRINUSE: address already in use 0.0.0.0:3002
2026-05-19 23:04:31 +08:00:     at Server.setupListenHandle [as _listen2] (node:net:1948:16)
2026-05-19 23:04:31 +08:00:     at listenInCluster (node:net:2005:12)
2026-05-19 23:04:31 +08:00:     at node:net:2214:7
2026-05-19 23:04:31 +08:00:     at process.processTicksAndRejections (node:internal/process/task_queues:90:21) {
2026-05-19 23:04:31 +08:00:   code: 'EADDRINUSE',
2026-05-19 23:04:31 +08:00:   errno: -4091,
2026-05-19 23:04:31 +08:00:   syscall: 'listen',
2026-05-19 23:04:31 +08:00:   address: '0.0.0.0',
2026-05-19 23:04:31 +08:00:   port: 3002
2026-05-19 23:04:31 +08:00: }
2026-05-19 23:04:31 +08:00: Error: listen EADDRINUSE: address already in use 0.0.0.0:3002
2026-05-19 23:04:31 +08:00:     at Server.setupListenHandle [as _listen2] (node:net:1948:16)
2026-05-19 23:04:31 +08:00:     at listenInCluster (node:net:2005:12)
2026-05-19 23:04:31 +08:00:     at node:net:2214:7
2026-05-19 23:04:31 +08:00:     at process.processTicksAndRejections (node:internal/process/task_queues:90:21) {
2026-05-19 23:04:31 +08:00:   code: 'EADDRINUSE',
2026-05-19 23:04:31 +08:00:   errno: -4091,
2026-05-19 23:04:31 +08:00:   syscall: 'listen',
2026-05-19 23:04:31 +08:00:   address: '0.0.0.0',
2026-05-19 23:04:31 +08:00:   port: 3002
2026-05-19 23:04:31 +08:00: }
2026-05-19 23:04:32 +08:00: Error: listen EADDRINUSE: address already in use 0.0.0.0:3002
2026-05-19 23:04:32 +08:00:     at Server.setupListenHandle [as _listen2] (node:net:1948:16)
2026-05-19 23:04:32 +08:00:     at listenInCluster (node:net:2005:12)
2026-05-19 23:04:32 +08:00:     at node:net:2214:7
2026-05-19 23:04:32 +08:00:     at process.processTicksAndRejections (node:internal/process/task_queues:90:21) {
2026-05-19 23:04:32 +08:00:   code: 'EADDRINUSE',
2026-05-19 23:04:32 +08:00:   errno: -4091,
2026-05-19 23:04:32 +08:00:   syscall: 'listen',
2026-05-19 23:04:32 +08:00:   address: '0.0.0.0',
2026-05-19 23:04:32 +08:00:   port: 3002
2026-05-19 23:04:32 +08:00: }
2026-05-19 23:04:32 +08:00: Error: listen EADDRINUSE: address already in use 0.0.0.0:3002
2026-05-19 23:04:32 +08:00:     at Server.setupListenHandle [as _listen2] (node:net:1948:16)
2026-05-19 23:04:32 +08:00:     at listenInCluster (node:net:2005:12)
2026-05-19 23:04:32 +08:00:     at node:net:2214:7
2026-05-19 23:04:32 +08:00:     at process.processTicksAndRejections (node:internal/process/task_queues:90:21) {
2026-05-19 23:04:32 +08:00:   code: 'EADDRINUSE',
2026-05-19 23:04:32 +08:00:   errno: -4091,
2026-05-19 23:04:32 +08:00:   syscall: 'listen',
2026-05-19 23:04:32 +08:00:   address: '0.0.0.0',
2026-05-19 23:04:32 +08:00:   port: 3002
2026-05-19 23:04:32 +08:00: }
2026-05-19 23:04:33 +08:00: Error: listen EADDRINUSE: address already in use 0.0.0.0:3002
2026-05-19 23:04:33 +08:00:     at Server.setupListenHandle [as _listen2] (node:net:1948:16)
2026-05-19 23:04:33 +08:00:     at listenInCluster (node:net:2005:12)
2026-05-19 23:04:33 +08:00:     at node:net:2214:7
2026-05-19 23:04:33 +08:00:     at process.processTicksAndRejections (node:internal/process/task_queues:90:21) {
2026-05-19 23:04:33 +08:00:   code: 'EADDRINUSE',
2026-05-19 23:04:33 +08:00:   errno: -4091,
2026-05-19 23:04:33 +08:00:   syscall: 'listen',
2026-05-19 23:04:33 +08:00:   address: '0.0.0.0',
2026-05-19 23:04:33 +08:00:   port: 3002
2026-05-19 23:04:33 +08:00: }
2026-05-19 23:04:34 +08:00: Error: listen EADDRINUSE: address already in use 0.0.0.0:3002
2026-05-19 23:04:34 +08:00:     at Server.setupListenHandle [as _listen2] (node:net:1948:16)
2026-05-19 23:04:34 +08:00:     at listenInCluster (node:net:2005:12)
2026-05-19 23:04:34 +08:00:     at node:net:2214:7
2026-05-19 23:04:34 +08:00:     at process.processTicksAndRejections (node:internal/process/task_queues:90:21) {
2026-05-19 23:04:34 +08:00:   code: 'EADDRINUSE',
2026-05-19 23:04:34 +08:00:   errno: -4091,
2026-05-19 23:04:34 +08:00:   syscall: 'listen',
2026-05-19 23:04:34 +08:00:   address: '0.0.0.0',
2026-05-19 23:04:34 +08:00:   port: 3002
2026-05-19 23:04:34 +08:00: }
2026-05-19 23:07:36 +08:00: Error: listen EADDRINUSE: address already in use 0.0.0.0:3002
2026-05-19 23:07:36 +08:00:     at Server.setupListenHandle [as _listen2] (node:net:1948:16)
2026-05-19 23:07:36 +08:00:     at listenInCluster (node:net:2005:12)
2026-05-19 23:07:36 +08:00:     at node:net:2214:7
2026-05-19 23:07:36 +08:00:     at process.processTicksAndRejections (node:internal/process/task_queues:90:21) {
2026-05-19 23:07:36 +08:00:   code: 'EADDRINUSE',
2026-05-19 23:07:36 +08:00:   errno: -4091,
2026-05-19 23:07:36 +08:00:   syscall: 'listen',
2026-05-19 23:07:36 +08:00:   address: '0.0.0.0',
2026-05-19 23:07:36 +08:00:   port: 3002
2026-05-19 23:07:36 +08:00: }
2026-05-19 23:07:36 +08:00: Error: listen EADDRINUSE: address already in use 0.0.0.0:3002
2026-05-19 23:07:36 +08:00:     at Server.setupListenHandle [as _listen2] (node:net:1948:16)
2026-05-19 23:07:36 +08:00:     at listenInCluster (node:net:2005:12)
2026-05-19 23:07:36 +08:00:     at node:net:2214:7
2026-05-19 23:07:36 +08:00:     at process.processTicksAndRejections (node:internal/process/task_queues:90:21) {
2026-05-19 23:07:36 +08:00:   code: 'EADDRINUSE',
2026-05-19 23:07:36 +08:00:   errno: -4091,
2026-05-19 23:07:36 +08:00:   syscall: 'listen',
2026-05-19 23:07:36 +08:00:   address: '0.0.0.0',
2026-05-19 23:07:36 +08:00:   port: 3002
2026-05-19 23:07:36 +08:00: }
2026-05-19 23:07:37 +08:00: Error: listen EADDRINUSE: address already in use 0.0.0.0:3002
2026-05-19 23:07:37 +08:00:     at Server.setupListenHandle [as _listen2] (node:net:1948:16)
2026-05-19 23:07:37 +08:00:     at listenInCluster (node:net:2005:12)
2026-05-19 23:07:37 +08:00:     at node:net:2214:7
2026-05-19 23:07:37 +08:00:     at process.processTicksAndRejections (node:internal/process/task_queues:90:21) {
2026-05-19 23:07:37 +08:00:   code: 'EADDRINUSE',
2026-05-19 23:07:37 +08:00:   errno: -4091,
2026-05-19 23:07:37 +08:00:   syscall: 'listen',
2026-05-19 23:07:37 +08:00:   address: '0.0.0.0',
2026-05-19 23:07:37 +08:00:   port: 3002
2026-05-19 23:07:37 +08:00: }
2026-05-19 23:07:37 +08:00: Error: listen EADDRINUSE: address already in use 0.0.0.0:3002
2026-05-19 23:07:37 +08:00:     at Server.setupListenHandle [as _listen2] (node:net:1948:16)
2026-05-19 23:07:37 +08:00:     at listenInCluster (node:net:2005:12)
2026-05-19 23:07:37 +08:00:     at node:net:2214:7
2026-05-19 23:07:37 +08:00:     at process.processTicksAndRejections (node:internal/process/task_queues:90:21) {
2026-05-19 23:07:37 +08:00:   code: 'EADDRINUSE',
2026-05-19 23:07:37 +08:00:   errno: -4091,
2026-05-19 23:07:37 +08:00:   syscall: 'listen',
2026-05-19 23:07:37 +08:00:   address: '0.0.0.0',
2026-05-19 23:07:37 +08:00:   port: 3002
2026-05-19 23:07:37 +08:00: }
2026-05-19 23:07:38 +08:00: Error: listen EADDRINUSE: address already in use 0.0.0.0:3002
2026-05-19 23:07:38 +08:00:     at Server.setupListenHandle [as _listen2] (node:net:1948:16)
2026-05-19 23:07:38 +08:00:     at listenInCluster (node:net:2005:12)
2026-05-19 23:07:38 +08:00:     at node:net:2214:7
2026-05-19 23:07:38 +08:00:     at process.processTicksAndRejections (node:internal/process/task_queues:90:21) {
2026-05-19 23:07:38 +08:00:   code: 'EADDRINUSE',
2026-05-19 23:07:38 +08:00:   errno: -4091,
2026-05-19 23:07:38 +08:00:   syscall: 'listen',
2026-05-19 23:07:38 +08:00:   address: '0.0.0.0',
2026-05-19 23:07:38 +08:00:   port: 3002
2026-05-19 23:07:38 +08:00: }
2026-05-19 23:07:38 +08:00: Error: listen EADDRINUSE: address already in use 0.0.0.0:3002
2026-05-19 23:07:38 +08:00:     at Server.setupListenHandle [as _listen2] (node:net:1948:16)
2026-05-19 23:07:38 +08:00:     at listenInCluster (node:net:2005:12)
2026-05-19 23:07:38 +08:00:     at node:net:2214:7
2026-05-19 23:07:38 +08:00:     at process.processTicksAndRejections (node:internal/process/task_queues:90:21) {
2026-05-19 23:07:38 +08:00:   code: 'EADDRINUSE',
2026-05-19 23:07:38 +08:00:   errno: -4091,
2026-05-19 23:07:38 +08:00:   syscall: 'listen',
2026-05-19 23:07:38 +08:00:   address: '0.0.0.0',
2026-05-19 23:07:38 +08:00:   port: 3002
2026-05-19 23:07:38 +08:00: }
2026-05-19 23:07:39 +08:00: Error: listen EADDRINUSE: address already in use 0.0.0.0:3002
2026-05-19 23:07:39 +08:00:     at Server.setupListenHandle [as _listen2] (node:net:1948:16)
2026-05-19 23:07:39 +08:00:     at listenInCluster (node:net:2005:12)
2026-05-19 23:07:39 +08:00:     at node:net:2214:7
2026-05-19 23:07:39 +08:00:     at process.processTicksAndRejections (node:internal/process/task_queues:90:21) {
2026-05-19 23:07:39 +08:00:   code: 'EADDRINUSE',
2026-05-19 23:07:39 +08:00:   errno: -4091,
2026-05-19 23:07:39 +08:00:   syscall: 'listen',
2026-05-19 23:07:39 +08:00:   address: '0.0.0.0',
2026-05-19 23:07:39 +08:00:   port: 3002
2026-05-19 23:07:39 +08:00: }
2026-05-19 23:07:40 +08:00: Error: listen EADDRINUSE: address already in use 0.0.0.0:3002
2026-05-19 23:07:40 +08:00:     at Server.setupListenHandle [as _listen2] (node:net:1948:16)
2026-05-19 23:07:40 +08:00:     at listenInCluster (node:net:2005:12)
2026-05-19 23:07:40 +08:00:     at node:net:2214:7
2026-05-19 23:07:40 +08:00:     at process.processTicksAndRejections (node:internal/process/task_queues:90:21) {
2026-05-19 23:07:40 +08:00:   code: 'EADDRINUSE',
2026-05-19 23:07:40 +08:00:   errno: -4091,
2026-05-19 23:07:40 +08:00:   syscall: 'listen',
2026-05-19 23:07:40 +08:00:   address: '0.0.0.0',
2026-05-19 23:07:40 +08:00:   port: 3002
2026-05-19 23:07:40 +08:00: }
2026-05-19 23:07:40 +08:00: Error: listen EADDRINUSE: address already in use 0.0.0.0:3002
2026-05-19 23:07:40 +08:00:     at Server.setupListenHandle [as _listen2] (node:net:1948:16)
2026-05-19 23:07:40 +08:00:     at listenInCluster (node:net:2005:12)
2026-05-19 23:07:40 +08:00:     at node:net:2214:7
2026-05-19 23:07:40 +08:00:     at process.processTicksAndRejections (node:internal/process/task_queues:90:21) {
2026-05-19 23:07:40 +08:00:   code: 'EADDRINUSE',
2026-05-19 23:07:40 +08:00:   errno: -4091,
2026-05-19 23:07:40 +08:00:   syscall: 'listen',
2026-05-19 23:07:40 +08:00:   address: '0.0.0.0',
2026-05-19 23:07:40 +08:00:   port: 3002
2026-05-19 23:07:40 +08:00: }
2026-05-19 23:07:41 +08:00: Error: listen EADDRINUSE: address already in use 0.0.0.0:3002
2026-05-19 23:07:41 +08:00:     at Server.setupListenHandle [as _listen2] (node:net:1948:16)
2026-05-19 23:07:41 +08:00:     at listenInCluster (node:net:2005:12)
2026-05-19 23:07:41 +08:00:     at node:net:2214:7
2026-05-19 23:07:41 +08:00:     at process.processTicksAndRejections (node:internal/process/task_queues:90:21) {
2026-05-19 23:07:41 +08:00:   code: 'EADDRINUSE',
2026-05-19 23:07:41 +08:00:   errno: -4091,
2026-05-19 23:07:41 +08:00:   syscall: 'listen',
2026-05-19 23:07:41 +08:00:   address: '0.0.0.0',
2026-05-19 23:07:41 +08:00:   port: 3002
2026-05-19 23:07:41 +08:00: }
2026-05-19 23:07:42 +08:00: Error: listen EADDRINUSE: address already in use 0.0.0.0:3002
2026-05-19 23:07:42 +08:00:     at Server.setupListenHandle [as _listen2] (node:net:1948:16)
2026-05-19 23:07:42 +08:00:     at listenInCluster (node:net:2005:12)
2026-05-19 23:07:42 +08:00:     at node:net:2214:7
2026-05-19 23:07:42 +08:00:     at process.processTicksAndRejections (node:internal/process/task_queues:90:21) {
2026-05-19 23:07:42 +08:00:   code: 'EADDRINUSE',
2026-05-19 23:07:42 +08:00:   errno: -4091,
2026-05-19 23:07:42 +08:00:   syscall: 'listen',
2026-05-19 23:07:42 +08:00:   address: '0.0.0.0',
2026-05-19 23:07:42 +08:00:   port: 3002
2026-05-19 23:07:42 +08:00: }
2026-05-19 23:07:43 +08:00: Error: listen EADDRINUSE: address already in use 0.0.0.0:3002
2026-05-19 23:07:43 +08:00:     at Server.setupListenHandle [as _listen2] (node:net:1948:16)
2026-05-19 23:07:43 +08:00:     at listenInCluster (node:net:2005:12)
2026-05-19 23:07:43 +08:00:     at node:net:2214:7
2026-05-19 23:07:43 +08:00:     at process.processTicksAndRejections (node:internal/process/task_queues:90:21) {
2026-05-19 23:07:43 +08:00:   code: 'EADDRINUSE',
2026-05-19 23:07:43 +08:00:   errno: -4091,
2026-05-19 23:07:43 +08:00:   syscall: 'listen',
2026-05-19 23:07:43 +08:00:   address: '0.0.0.0',
2026-05-19 23:07:43 +08:00:   port: 3002
2026-05-19 23:07:43 +08:00: }
2026-05-19 23:07:43 +08:00: Error: listen EADDRINUSE: address already in use 0.0.0.0:3002
2026-05-19 23:07:43 +08:00:     at Server.setupListenHandle [as _listen2] (node:net:1948:16)
2026-05-19 23:07:43 +08:00:     at listenInCluster (node:net:2005:12)
2026-05-19 23:07:43 +08:00:     at node:net:2214:7
2026-05-19 23:07:43 +08:00:     at process.processTicksAndRejections (node:internal/process/task_queues:90:21) {
2026-05-19 23:07:43 +08:00:   code: 'EADDRINUSE',
2026-05-19 23:07:43 +08:00:   errno: -4091,
2026-05-19 23:07:43 +08:00:   syscall: 'listen',
2026-05-19 23:07:43 +08:00:   address: '0.0.0.0',
2026-05-19 23:07:43 +08:00:   port: 3002
2026-05-19 23:07:43 +08:00: }
2026-05-19 23:07:44 +08:00: Error: listen EADDRINUSE: address already in use 0.0.0.0:3002
2026-05-19 23:07:44 +08:00:     at Server.setupListenHandle [as _listen2] (node:net:1948:16)
2026-05-19 23:07:44 +08:00:     at listenInCluster (node:net:2005:12)
2026-05-19 23:07:44 +08:00:     at node:net:2214:7
2026-05-19 23:07:44 +08:00:     at process.processTicksAndRejections (node:internal/process/task_queues:90:21) {
2026-05-19 23:07:44 +08:00:   code: 'EADDRINUSE',
2026-05-19 23:07:44 +08:00:   errno: -4091,
2026-05-19 23:07:44 +08:00:   syscall: 'listen',
2026-05-19 23:07:44 +08:00:   address: '0.0.0.0',
2026-05-19 23:07:44 +08:00:   port: 3002
2026-05-19 23:07:44 +08:00: }
2026-05-19 23:07:45 +08:00: Error: listen EADDRINUSE: address already in use 0.0.0.0:3002
2026-05-19 23:07:45 +08:00:     at Server.setupListenHandle [as _listen2] (node:net:1948:16)
2026-05-19 23:07:45 +08:00:     at listenInCluster (node:net:2005:12)
2026-05-19 23:07:45 +08:00:     at node:net:2214:7
2026-05-19 23:07:45 +08:00:     at process.processTicksAndRejections (node:internal/process/task_queues:90:21) {
2026-05-19 23:07:45 +08:00:   code: 'EADDRINUSE',
2026-05-19 23:07:45 +08:00:   errno: -4091,
2026-05-19 23:07:45 +08:00:   syscall: 'listen',
2026-05-19 23:07:45 +08:00:   address: '0.0.0.0',
2026-05-19 23:07:45 +08:00:   port: 3002
2026-05-19 23:07:45 +08:00: }
2026-05-19 23:07:45 +08:00: Error: listen EADDRINUSE: address already in use 0.0.0.0:3002
2026-05-19 23:07:45 +08:00:     at Server.setupListenHandle [as _listen2] (node:net:1948:16)
2026-05-19 23:07:45 +08:00:     at listenInCluster (node:net:2005:12)
2026-05-19 23:07:45 +08:00:     at node:net:2214:7
2026-05-19 23:07:45 +08:00:     at process.processTicksAndRejections (node:internal/process/task_queues:90:21) {
2026-05-19 23:07:45 +08:00:   code: 'EADDRINUSE',
2026-05-19 23:07:45 +08:00:   errno: -4091,
2026-05-19 23:07:45 +08:00:   syscall: 'listen',
2026-05-19 23:07:45 +08:00:   address: '0.0.0.0',
2026-05-19 23:07:45 +08:00:   port: 3002
2026-05-19 23:07:45 +08:00: }
2026-05-19 23:09:16 +08:00: Error: listen EADDRINUSE: address already in use 0.0.0.0:3002
2026-05-19 23:09:16 +08:00:     at Server.setupListenHandle [as _listen2] (node:net:1948:16)
2026-05-19 23:09:16 +08:00:     at listenInCluster (node:net:2005:12)
2026-05-19 23:09:16 +08:00:     at node:net:2214:7
2026-05-19 23:09:16 +08:00:     at process.processTicksAndRejections (node:internal/process/task_queues:90:21) {
2026-05-19 23:09:16 +08:00:   code: 'EADDRINUSE',
2026-05-19 23:09:16 +08:00:   errno: -4091,
2026-05-19 23:09:16 +08:00:   syscall: 'listen',
2026-05-19 23:09:16 +08:00:   address: '0.0.0.0',
2026-05-19 23:09:16 +08:00:   port: 3002
2026-05-19 23:09:16 +08:00: }
2026-05-19 23:09:17 +08:00: Error: listen EADDRINUSE: address already in use 0.0.0.0:3002
2026-05-19 23:09:17 +08:00:     at Server.setupListenHandle [as _listen2] (node:net:1948:16)
2026-05-19 23:09:17 +08:00:     at listenInCluster (node:net:2005:12)
2026-05-19 23:09:17 +08:00:     at node:net:2214:7
2026-05-19 23:09:17 +08:00:     at process.processTicksAndRejections (node:internal/process/task_queues:90:21) {
2026-05-19 23:09:17 +08:00:   code: 'EADDRINUSE',
2026-05-19 23:09:17 +08:00:   errno: -4091,
2026-05-19 23:09:17 +08:00:   syscall: 'listen',
2026-05-19 23:09:17 +08:00:   address: '0.0.0.0',
2026-05-19 23:09:17 +08:00:   port: 3002
2026-05-19 23:09:17 +08:00: }
2026-05-19 23:09:17 +08:00: Error: listen EADDRINUSE: address already in use 0.0.0.0:3002
2026-05-19 23:09:17 +08:00:     at Server.setupListenHandle [as _listen2] (node:net:1948:16)
2026-05-19 23:09:17 +08:00:     at listenInCluster (node:net:2005:12)
2026-05-19 23:09:17 +08:00:     at node:net:2214:7
2026-05-19 23:09:17 +08:00:     at process.processTicksAndRejections (node:internal/process/task_queues:90:21) {
2026-05-19 23:09:17 +08:00:   code: 'EADDRINUSE',
2026-05-19 23:09:17 +08:00:   errno: -4091,
2026-05-19 23:09:17 +08:00:   syscall: 'listen',
2026-05-19 23:09:17 +08:00:   address: '0.0.0.0',
2026-05-19 23:09:17 +08:00:   port: 3002
2026-05-19 23:09:17 +08:00: }
2026-05-19 23:09:18 +08:00: Error: listen EADDRINUSE: address already in use 0.0.0.0:3002
2026-05-19 23:09:18 +08:00:     at Server.setupListenHandle [as _listen2] (node:net:1948:16)
2026-05-19 23:09:18 +08:00:     at listenInCluster (node:net:2005:12)
2026-05-19 23:09:18 +08:00:     at node:net:2214:7
2026-05-19 23:09:18 +08:00:     at process.processTicksAndRejections (node:internal/process/task_queues:90:21) {
2026-05-19 23:09:18 +08:00:   code: 'EADDRINUSE',
2026-05-19 23:09:18 +08:00:   errno: -4091,
2026-05-19 23:09:18 +08:00:   syscall: 'listen',
2026-05-19 23:09:18 +08:00:   address: '0.0.0.0',
2026-05-19 23:09:18 +08:00:   port: 3002
2026-05-19 23:09:18 +08:00: }
2026-05-19 23:09:18 +08:00: Error: listen EADDRINUSE: address already in use 0.0.0.0:3002
2026-05-19 23:09:18 +08:00:     at Server.setupListenHandle [as _listen2] (node:net:1948:16)
2026-05-19 23:09:18 +08:00:     at listenInCluster (node:net:2005:12)
2026-05-19 23:09:18 +08:00:     at node:net:2214:7
2026-05-19 23:09:18 +08:00:     at process.processTicksAndRejections (node:internal/process/task_queues:90:21) {
2026-05-19 23:09:18 +08:00:   code: 'EADDRINUSE',
2026-05-19 23:09:18 +08:00:   errno: -4091,
2026-05-19 23:09:18 +08:00:   syscall: 'listen',
2026-05-19 23:09:18 +08:00:   address: '0.0.0.0',
2026-05-19 23:09:18 +08:00:   port: 3002
2026-05-19 23:09:18 +08:00: }
2026-05-19 23:09:18 +08:00: Error: listen EADDRINUSE: address already in use 0.0.0.0:3002
2026-05-19 23:09:18 +08:00:     at Server.setupListenHandle [as _listen2] (node:net:1948:16)
2026-05-19 23:09:18 +08:00:     at listenInCluster (node:net:2005:12)
2026-05-19 23:09:18 +08:00:     at node:net:2214:7
2026-05-19 23:09:18 +08:00:     at process.processTicksAndRejections (node:internal/process/task_queues:90:21) {
2026-05-19 23:09:18 +08:00:   code: 'EADDRINUSE',
2026-05-19 23:09:18 +08:00:   errno: -4091,
2026-05-19 23:09:18 +08:00:   syscall: 'listen',
2026-05-19 23:09:18 +08:00:   address: '0.0.0.0',
2026-05-19 23:09:18 +08:00:   port: 3002
2026-05-19 23:09:18 +08:00: }
2026-05-19 23:09:19 +08:00: Error: listen EADDRINUSE: address already in use 0.0.0.0:3002
2026-05-19 23:09:19 +08:00:     at Server.setupListenHandle [as _listen2] (node:net:1948:16)
2026-05-19 23:09:19 +08:00:     at listenInCluster (node:net:2005:12)
2026-05-19 23:09:19 +08:00:     at node:net:2214:7
2026-05-19 23:09:19 +08:00:     at process.processTicksAndRejections (node:internal/process/task_queues:90:21) {
2026-05-19 23:09:19 +08:00:   code: 'EADDRINUSE',
2026-05-19 23:09:19 +08:00:   errno: -4091,
2026-05-19 23:09:19 +08:00:   syscall: 'listen',
2026-05-19 23:09:19 +08:00:   address: '0.0.0.0',
2026-05-19 23:09:19 +08:00:   port: 3002
2026-05-19 23:09:19 +08:00: }
2026-05-19 23:09:20 +08:00: Error: listen EADDRINUSE: address already in use 0.0.0.0:3002
2026-05-19 23:09:20 +08:00:     at Server.setupListenHandle [as _listen2] (node:net:1948:16)
2026-05-19 23:09:20 +08:00:     at listenInCluster (node:net:2005:12)
2026-05-19 23:09:20 +08:00:     at node:net:2214:7
2026-05-19 23:09:20 +08:00:     at process.processTicksAndRejections (node:internal/process/task_queues:90:21) {
2026-05-19 23:09:20 +08:00:   code: 'EADDRINUSE',
2026-05-19 23:09:20 +08:00:   errno: -4091,
2026-05-19 23:09:20 +08:00:   syscall: 'listen',
2026-05-19 23:09:20 +08:00:   address: '0.0.0.0',
2026-05-19 23:09:20 +08:00:   port: 3002
2026-05-19 23:09:20 +08:00: }
2026-05-19 23:09:20 +08:00: Error: listen EADDRINUSE: address already in use 0.0.0.0:3002
2026-05-19 23:09:20 +08:00:     at Server.setupListenHandle [as _listen2] (node:net:1948:16)
2026-05-19 23:09:20 +08:00:     at listenInCluster (node:net:2005:12)
2026-05-19 23:09:20 +08:00:     at node:net:2214:7
2026-05-19 23:09:20 +08:00:     at process.processTicksAndRejections (node:internal/process/task_queues:90:21) {
2026-05-19 23:09:20 +08:00:   code: 'EADDRINUSE',
2026-05-19 23:09:20 +08:00:   errno: -4091,
2026-05-19 23:09:20 +08:00:   syscall: 'listen',
2026-05-19 23:09:20 +08:00:   address: '0.0.0.0',
2026-05-19 23:09:20 +08:00:   port: 3002
2026-05-19 23:09:20 +08:00: }
2026-05-19 23:09:21 +08:00: Error: listen EADDRINUSE: address already in use 0.0.0.0:3002
2026-05-19 23:09:21 +08:00:     at Server.setupListenHandle [as _listen2] (node:net:1948:16)
2026-05-19 23:09:21 +08:00:     at listenInCluster (node:net:2005:12)
2026-05-19 23:09:21 +08:00:     at node:net:2214:7
2026-05-19 23:09:21 +08:00:     at process.processTicksAndRejections (node:internal/process/task_queues:90:21) {
2026-05-19 23:09:21 +08:00:   code: 'EADDRINUSE',
2026-05-19 23:09:21 +08:00:   errno: -4091,
2026-05-19 23:09:21 +08:00:   syscall: 'listen',
2026-05-19 23:09:21 +08:00:   address: '0.0.0.0',
2026-05-19 23:09:21 +08:00:   port: 3002
2026-05-19 23:09:21 +08:00: }
2026-05-19 23:09:22 +08:00: Error: listen EADDRINUSE: address already in use 0.0.0.0:3002
2026-05-19 23:09:22 +08:00:     at Server.setupListenHandle [as _listen2] (node:net:1948:16)
2026-05-19 23:09:22 +08:00:     at listenInCluster (node:net:2005:12)
2026-05-19 23:09:22 +08:00:     at node:net:2214:7
2026-05-19 23:09:22 +08:00:     at process.processTicksAndRejections (node:internal/process/task_queues:90:21) {
2026-05-19 23:09:22 +08:00:   code: 'EADDRINUSE',
2026-05-19 23:09:22 +08:00:   errno: -4091,
2026-05-19 23:09:22 +08:00:   syscall: 'listen',
2026-05-19 23:09:22 +08:00:   address: '0.0.0.0',
2026-05-19 23:09:22 +08:00:   port: 3002
2026-05-19 23:09:22 +08:00: }
2026-05-19 23:09:22 +08:00: Error: listen EADDRINUSE: address already in use 0.0.0.0:3002
2026-05-19 23:09:22 +08:00:     at Server.setupListenHandle [as _listen2] (node:net:1948:16)
2026-05-19 23:09:22 +08:00:     at listenInCluster (node:net:2005:12)
2026-05-19 23:09:22 +08:00:     at node:net:2214:7
2026-05-19 23:09:22 +08:00:     at process.processTicksAndRejections (node:internal/process/task_queues:90:21) {
2026-05-19 23:09:22 +08:00:   code: 'EADDRINUSE',
2026-05-19 23:09:22 +08:00:   errno: -4091,
2026-05-19 23:09:22 +08:00:   syscall: 'listen',
2026-05-19 23:09:22 +08:00:   address: '0.0.0.0',
2026-05-19 23:09:22 +08:00:   port: 3002
2026-05-19 23:09:22 +08:00: }
2026-05-19 23:09:23 +08:00: Error: listen EADDRINUSE: address already in use 0.0.0.0:3002
2026-05-19 23:09:23 +08:00:     at Server.setupListenHandle [as _listen2] (node:net:1948:16)
2026-05-19 23:09:23 +08:00:     at listenInCluster (node:net:2005:12)
2026-05-19 23:09:23 +08:00:     at node:net:2214:7
2026-05-19 23:09:23 +08:00:     at process.processTicksAndRejections (node:internal/process/task_queues:90:21) {
2026-05-19 23:09:23 +08:00:   code: 'EADDRINUSE',
2026-05-19 23:09:23 +08:00:   errno: -4091,
2026-05-19 23:09:23 +08:00:   syscall: 'listen',
2026-05-19 23:09:23 +08:00:   address: '0.0.0.0',
2026-05-19 23:09:23 +08:00:   port: 3002
2026-05-19 23:09:23 +08:00: }
2026-05-19 23:09:24 +08:00: Error: listen EADDRINUSE: address already in use 0.0.0.0:3002
2026-05-19 23:09:24 +08:00:     at Server.setupListenHandle [as _listen2] (node:net:1948:16)
2026-05-19 23:09:24 +08:00:     at listenInCluster (node:net:2005:12)
2026-05-19 23:09:24 +08:00:     at node:net:2214:7
2026-05-19 23:09:24 +08:00:     at process.processTicksAndRejections (node:internal/process/task_queues:90:21) {
2026-05-19 23:09:24 +08:00:   code: 'EADDRINUSE',
2026-05-19 23:09:24 +08:00:   errno: -4091,
2026-05-19 23:09:24 +08:00:   syscall: 'listen',
2026-05-19 23:09:24 +08:00:   address: '0.0.0.0',
2026-05-19 23:09:24 +08:00:   port: 3002
2026-05-19 23:09:24 +08:00: }
2026-05-19 23:09:24 +08:00: Error: listen EADDRINUSE: address already in use 0.0.0.0:3002
2026-05-19 23:09:24 +08:00:     at Server.setupListenHandle [as _listen2] (node:net:1948:16)
2026-05-19 23:09:24 +08:00:     at listenInCluster (node:net:2005:12)
2026-05-19 23:09:24 +08:00:     at node:net:2214:7
2026-05-19 23:09:24 +08:00:     at process.processTicksAndRejections (node:internal/process/task_queues:90:21) {
2026-05-19 23:09:24 +08:00:   code: 'EADDRINUSE',
2026-05-19 23:09:24 +08:00:   errno: -4091,
2026-05-19 23:09:24 +08:00:   syscall: 'listen',
2026-05-19 23:09:24 +08:00:   address: '0.0.0.0',
2026-05-19 23:09:24 +08:00:   port: 3002
2026-05-19 23:09:24 +08:00: }
2026-05-19 23:09:25 +08:00: Error: listen EADDRINUSE: address already in use 0.0.0.0:3002
2026-05-19 23:09:25 +08:00:     at Server.setupListenHandle [as _listen2] (node:net:1948:16)
2026-05-19 23:09:25 +08:00:     at listenInCluster (node:net:2005:12)
2026-05-19 23:09:25 +08:00:     at node:net:2214:7
2026-05-19 23:09:25 +08:00:     at process.processTicksAndRejections (node:internal/process/task_queues:90:21) {
2026-05-19 23:09:25 +08:00:   code: 'EADDRINUSE',
2026-05-19 23:09:25 +08:00:   errno: -4091,
2026-05-19 23:09:25 +08:00:   syscall: 'listen',
2026-05-19 23:09:25 +08:00:   address: '0.0.0.0',
2026-05-19 23:09:25 +08:00:   port: 3002
2026-05-19 23:09:25 +08:00: }
2026-05-19 23:35:16 +08:00: Error: listen EADDRINUSE: address already in use 0.0.0.0:3002
2026-05-19 23:35:16 +08:00:     at Server.setupListenHandle [as _listen2] (node:net:1948:16)
2026-05-19 23:35:16 +08:00:     at listenInCluster (node:net:2005:12)
2026-05-19 23:35:16 +08:00:     at node:net:2214:7
2026-05-19 23:35:16 +08:00:     at process.processTicksAndRejections (node:internal/process/task_queues:90:21) {
2026-05-19 23:35:16 +08:00:   code: 'EADDRINUSE',
2026-05-19 23:35:16 +08:00:   errno: -4091,
2026-05-19 23:35:16 +08:00:   syscall: 'listen',
2026-05-19 23:35:16 +08:00:   address: '0.0.0.0',
2026-05-19 23:35:16 +08:00:   port: 3002
2026-05-19 23:35:16 +08:00: }
2026-05-19 23:35:17 +08:00: Error: listen EADDRINUSE: address already in use 0.0.0.0:3002
2026-05-19 23:35:17 +08:00:     at Server.setupListenHandle [as _listen2] (node:net:1948:16)
2026-05-19 23:35:17 +08:00:     at listenInCluster (node:net:2005:12)
2026-05-19 23:35:17 +08:00:     at node:net:2214:7
2026-05-19 23:35:17 +08:00:     at process.processTicksAndRejections (node:internal/process/task_queues:90:21) {
2026-05-19 23:35:17 +08:00:   code: 'EADDRINUSE',
2026-05-19 23:35:17 +08:00:   errno: -4091,
2026-05-19 23:35:17 +08:00:   syscall: 'listen',
2026-05-19 23:35:17 +08:00:   address: '0.0.0.0',
2026-05-19 23:35:17 +08:00:   port: 3002
2026-05-19 23:35:17 +08:00: }
2026-05-19 23:35:17 +08:00: Error: listen EADDRINUSE: address already in use 0.0.0.0:3002
2026-05-19 23:35:17 +08:00:     at Server.setupListenHandle [as _listen2] (node:net:1948:16)
2026-05-19 23:35:17 +08:00:     at listenInCluster (node:net:2005:12)
2026-05-19 23:35:17 +08:00:     at node:net:2214:7
2026-05-19 23:35:17 +08:00:     at process.processTicksAndRejections (node:internal/process/task_queues:90:21) {
2026-05-19 23:35:17 +08:00:   code: 'EADDRINUSE',
2026-05-19 23:35:17 +08:00:   errno: -4091,
2026-05-19 23:35:17 +08:00:   syscall: 'listen',
2026-05-19 23:35:17 +08:00:   address: '0.0.0.0',
2026-05-19 23:35:17 +08:00:   port: 3002
2026-05-19 23:35:17 +08:00: }
2026-05-19 23:35:18 +08:00: Error: listen EADDRINUSE: address already in use 0.0.0.0:3002
2026-05-19 23:35:18 +08:00:     at Server.setupListenHandle [as _listen2] (node:net:1948:16)
2026-05-19 23:35:18 +08:00:     at listenInCluster (node:net:2005:12)
2026-05-19 23:35:18 +08:00:     at node:net:2214:7
2026-05-19 23:35:18 +08:00:     at process.processTicksAndRejections (node:internal/process/task_queues:90:21) {
2026-05-19 23:35:18 +08:00:   code: 'EADDRINUSE',
2026-05-19 23:35:18 +08:00:   errno: -4091,
2026-05-19 23:35:18 +08:00:   syscall: 'listen',
2026-05-19 23:35:18 +08:00:   address: '0.0.0.0',
2026-05-19 23:35:18 +08:00:   port: 3002
2026-05-19 23:35:18 +08:00: }
2026-05-19 23:35:18 +08:00: Error: listen EADDRINUSE: address already in use 0.0.0.0:3002
2026-05-19 23:35:18 +08:00:     at Server.setupListenHandle [as _listen2] (node:net:1948:16)
2026-05-19 23:35:18 +08:00:     at listenInCluster (node:net:2005:12)
2026-05-19 23:35:18 +08:00:     at node:net:2214:7
2026-05-19 23:35:18 +08:00:     at process.processTicksAndRejections (node:internal/process/task_queues:90:21) {
2026-05-19 23:35:18 +08:00:   code: 'EADDRINUSE',
2026-05-19 23:35:18 +08:00:   errno: -4091,
2026-05-19 23:35:18 +08:00:   syscall: 'listen',
2026-05-19 23:35:18 +08:00:   address: '0.0.0.0',
2026-05-19 23:35:18 +08:00:   port: 3002
2026-05-19 23:35:18 +08:00: }
2026-05-19 23:35:19 +08:00: Error: listen EADDRINUSE: address already in use 0.0.0.0:3002
2026-05-19 23:35:19 +08:00:     at Server.setupListenHandle [as _listen2] (node:net:1948:16)
2026-05-19 23:35:19 +08:00:     at listenInCluster (node:net:2005:12)
2026-05-19 23:35:19 +08:00:     at node:net:2214:7
2026-05-19 23:35:19 +08:00:     at process.processTicksAndRejections (node:internal/process/task_queues:90:21) {
2026-05-19 23:35:19 +08:00:   code: 'EADDRINUSE',
2026-05-19 23:35:19 +08:00:   errno: -4091,
2026-05-19 23:35:19 +08:00:   syscall: 'listen',
2026-05-19 23:35:19 +08:00:   address: '0.0.0.0',
2026-05-19 23:35:19 +08:00:   port: 3002
2026-05-19 23:35:19 +08:00: }
2026-05-19 23:35:20 +08:00: Error: listen EADDRINUSE: address already in use 0.0.0.0:3002
2026-05-19 23:35:20 +08:00:     at Server.setupListenHandle [as _listen2] (node:net:1948:16)
2026-05-19 23:35:20 +08:00:     at listenInCluster (node:net:2005:12)
2026-05-19 23:35:20 +08:00:     at node:net:2214:7
2026-05-19 23:35:20 +08:00:     at process.processTicksAndRejections (node:internal/process/task_queues:90:21) {
2026-05-19 23:35:20 +08:00:   code: 'EADDRINUSE',
2026-05-19 23:35:20 +08:00:   errno: -4091,
2026-05-19 23:35:20 +08:00:   syscall: 'listen',
2026-05-19 23:35:20 +08:00:   address: '0.0.0.0',
2026-05-19 23:35:20 +08:00:   port: 3002
2026-05-19 23:35:20 +08:00: }
2026-05-19 23:35:20 +08:00: Error: listen EADDRINUSE: address already in use 0.0.0.0:3002
2026-05-19 23:35:20 +08:00:     at Server.setupListenHandle [as _listen2] (node:net:1948:16)
2026-05-19 23:35:20 +08:00:     at listenInCluster (node:net:2005:12)
2026-05-19 23:35:20 +08:00:     at node:net:2214:7
2026-05-19 23:35:20 +08:00:     at process.processTicksAndRejections (node:internal/process/task_queues:90:21) {
2026-05-19 23:35:20 +08:00:   code: 'EADDRINUSE',
2026-05-19 23:35:20 +08:00:   errno: -4091,
2026-05-19 23:35:20 +08:00:   syscall: 'listen',
2026-05-19 23:35:20 +08:00:   address: '0.0.0.0',
2026-05-19 23:35:20 +08:00:   port: 3002
2026-05-19 23:35:20 +08:00: }
2026-05-19 23:35:21 +08:00: Error: listen EADDRINUSE: address already in use 0.0.0.0:3002
2026-05-19 23:35:21 +08:00:     at Server.setupListenHandle [as _listen2] (node:net:1948:16)
2026-05-19 23:35:21 +08:00:     at listenInCluster (node:net:2005:12)
2026-05-19 23:35:21 +08:00:     at node:net:2214:7
2026-05-19 23:35:21 +08:00:     at process.processTicksAndRejections (node:internal/process/task_queues:90:21) {
2026-05-19 23:35:21 +08:00:   code: 'EADDRINUSE',
2026-05-19 23:35:21 +08:00:   errno: -4091,
2026-05-19 23:35:21 +08:00:   syscall: 'listen',
2026-05-19 23:35:21 +08:00:   address: '0.0.0.0',
2026-05-19 23:35:21 +08:00:   port: 3002
2026-05-19 23:35:21 +08:00: }
2026-05-19 23:35:22 +08:00: Error: listen EADDRINUSE: address already in use 0.0.0.0:3002
2026-05-19 23:35:22 +08:00:     at Server.setupListenHandle [as _listen2] (node:net:1948:16)
2026-05-19 23:35:22 +08:00:     at listenInCluster (node:net:2005:12)
2026-05-19 23:35:22 +08:00:     at node:net:2214:7
2026-05-19 23:35:22 +08:00:     at process.processTicksAndRejections (node:internal/process/task_queues:90:21) {
2026-05-19 23:35:22 +08:00:   code: 'EADDRINUSE',
2026-05-19 23:35:22 +08:00:   errno: -4091,
2026-05-19 23:35:22 +08:00:   syscall: 'listen',
2026-05-19 23:35:22 +08:00:   address: '0.0.0.0',
2026-05-19 23:35:22 +08:00:   port: 3002
2026-05-19 23:35:22 +08:00: }
2026-05-19 23:35:22 +08:00: Error: listen EADDRINUSE: address already in use 0.0.0.0:3002
2026-05-19 23:35:22 +08:00:     at Server.setupListenHandle [as _listen2] (node:net:1948:16)
2026-05-19 23:35:22 +08:00:     at listenInCluster (node:net:2005:12)
2026-05-19 23:35:22 +08:00:     at node:net:2214:7
2026-05-19 23:35:22 +08:00:     at process.processTicksAndRejections (node:internal/process/task_queues:90:21) {
2026-05-19 23:35:22 +08:00:   code: 'EADDRINUSE',
2026-05-19 23:35:22 +08:00:   errno: -4091,
2026-05-19 23:35:22 +08:00:   syscall: 'listen',
2026-05-19 23:35:22 +08:00:   address: '0.0.0.0',
2026-05-19 23:35:22 +08:00:   port: 3002
2026-05-19 23:35:22 +08:00: }
2026-05-19 23:35:23 +08:00: Error: listen EADDRINUSE: address already in use 0.0.0.0:3002
2026-05-19 23:35:23 +08:00:     at Server.setupListenHandle [as _listen2] (node:net:1948:16)
2026-05-19 23:35:23 +08:00:     at listenInCluster (node:net:2005:12)
2026-05-19 23:35:23 +08:00:     at node:net:2214:7
2026-05-19 23:35:23 +08:00:     at process.processTicksAndRejections (node:internal/process/task_queues:90:21) {
2026-05-19 23:35:23 +08:00:   code: 'EADDRINUSE',
2026-05-19 23:35:23 +08:00:   errno: -4091,
2026-05-19 23:35:23 +08:00:   syscall: 'listen',
2026-05-19 23:35:23 +08:00:   address: '0.0.0.0',
2026-05-19 23:35:23 +08:00:   port: 3002
2026-05-19 23:35:23 +08:00: }
2026-05-19 23:35:24 +08:00: Error: listen EADDRINUSE: address already in use 0.0.0.0:3002
2026-05-19 23:35:24 +08:00:     at Server.setupListenHandle [as _listen2] (node:net:1948:16)
2026-05-19 23:35:24 +08:00:     at listenInCluster (node:net:2005:12)
2026-05-19 23:35:24 +08:00:     at node:net:2214:7
2026-05-19 23:35:24 +08:00:     at process.processTicksAndRejections (node:internal/process/task_queues:90:21) {
2026-05-19 23:35:24 +08:00:   code: 'EADDRINUSE',
2026-05-19 23:35:24 +08:00:   errno: -4091,
2026-05-19 23:35:24 +08:00:   syscall: 'listen',
2026-05-19 23:35:24 +08:00:   address: '0.0.0.0',
2026-05-19 23:35:24 +08:00:   port: 3002
2026-05-19 23:35:24 +08:00: }
2026-05-19 23:35:25 +08:00: Error: listen EADDRINUSE: address already in use 0.0.0.0:3002
2026-05-19 23:35:25 +08:00:     at Server.setupListenHandle [as _listen2] (node:net:1948:16)
2026-05-19 23:35:25 +08:00:     at listenInCluster (node:net:2005:12)
2026-05-19 23:35:25 +08:00:     at node:net:2214:7
2026-05-19 23:35:25 +08:00:     at process.processTicksAndRejections (node:internal/process/task_queues:90:21) {
2026-05-19 23:35:25 +08:00:   code: 'EADDRINUSE',
2026-05-19 23:35:25 +08:00:   errno: -4091,
2026-05-19 23:35:25 +08:00:   syscall: 'listen',
2026-05-19 23:35:25 +08:00:   address: '0.0.0.0',
2026-05-19 23:35:25 +08:00:   port: 3002
2026-05-19 23:35:25 +08:00: }
2026-05-19 23:35:26 +08:00: Error: listen EADDRINUSE: address already in use 0.0.0.0:3002
2026-05-19 23:35:26 +08:00:     at Server.setupListenHandle [as _listen2] (node:net:1948:16)
2026-05-19 23:35:26 +08:00:     at listenInCluster (node:net:2005:12)
2026-05-19 23:35:26 +08:00:     at node:net:2214:7
2026-05-19 23:35:26 +08:00:     at process.processTicksAndRejections (node:internal/process/task_queues:90:21) {
2026-05-19 23:35:26 +08:00:   code: 'EADDRINUSE',
2026-05-19 23:35:26 +08:00:   errno: -4091,
2026-05-19 23:35:26 +08:00:   syscall: 'listen',
2026-05-19 23:35:26 +08:00:   address: '0.0.0.0',
2026-05-19 23:35:26 +08:00:   port: 3002
2026-05-19 23:35:26 +08:00: }
2026-05-19 23:35:26 +08:00: Error: listen EADDRINUSE: address already in use 0.0.0.0:3002
2026-05-19 23:35:26 +08:00:     at Server.setupListenHandle [as _listen2] (node:net:1948:16)
2026-05-19 23:35:26 +08:00:     at listenInCluster (node:net:2005:12)
2026-05-19 23:35:26 +08:00:     at node:net:2214:7
2026-05-19 23:35:26 +08:00:     at process.processTicksAndRejections (node:internal/process/task_queues:90:21) {
2026-05-19 23:35:26 +08:00:   code: 'EADDRINUSE',
2026-05-19 23:35:26 +08:00:   errno: -4091,
2026-05-19 23:35:26 +08:00:   syscall: 'listen',
2026-05-19 23:35:26 +08:00:   address: '0.0.0.0',
2026-05-19 23:35:26 +08:00:   port: 3002
2026-05-19 23:35:26 +08:00: }
