2026-05-19 23:03:20 +08:00: Error: listen EADDRINUSE: address already in use 0.0.0.0:3002
2026-05-19 23:03:20 +08:00:     at Server.setupListenHandle [as _listen2] (node:net:1948:16)
2026-05-19 23:03:20 +08:00:     at listenInCluster (node:net:2005:12)
2026-05-19 23:03:20 +08:00:     at node:net:2214:7
2026-05-19 23:03:20 +08:00:     at process.processTicksAndRejections (node:internal/process/task_queues:90:21) {
2026-05-19 23:03:20 +08:00:   code: 'EADDRINUSE',
2026-05-19 23:03:20 +08:00:   errno: -4091,
2026-05-19 23:03:20 +08:00:   syscall: 'listen',
2026-05-19 23:03:20 +08:00:   address: '0.0.0.0',
2026-05-19 23:03:20 +08:00:   port: 3002
2026-05-19 23:03:20 +08:00: }
2026-05-19 23:03:20 +08:00: Error: listen EADDRINUSE: address already in use 0.0.0.0:3002
2026-05-19 23:03:20 +08:00:     at Server.setupListenHandle [as _listen2] (node:net:1948:16)
2026-05-19 23:03:20 +08:00:     at listenInCluster (node:net:2005:12)
2026-05-19 23:03:20 +08:00:     at node:net:2214:7
2026-05-19 23:03:20 +08:00:     at process.processTicksAndRejections (node:internal/process/task_queues:90:21) {
2026-05-19 23:03:20 +08:00:   code: 'EADDRINUSE',
2026-05-19 23:03:20 +08:00:   errno: -4091,
2026-05-19 23:03:20 +08:00:   syscall: 'listen',
2026-05-19 23:03:20 +08:00:   address: '0.0.0.0',
2026-05-19 23:03:20 +08:00:   port: 3002
2026-05-19 23:03:20 +08:00: }
2026-05-19 23:03:21 +08:00: Error: listen EADDRINUSE: address already in use 0.0.0.0:3002
2026-05-19 23:03:21 +08:00:     at Server.setupListenHandle [as _listen2] (node:net:1948:16)
2026-05-19 23:03:21 +08:00:     at listenInCluster (node:net:2005:12)
2026-05-19 23:03:21 +08:00:     at node:net:2214:7
2026-05-19 23:03:21 +08:00:     at process.processTicksAndRejections (node:internal/process/task_queues:90:21) {
2026-05-19 23:03:21 +08:00:   code: 'EADDRINUSE',
2026-05-19 23:03:21 +08:00:   errno: -4091,
2026-05-19 23:03:21 +08:00:   syscall: 'listen',
2026-05-19 23:03:21 +08:00:   address: '0.0.0.0',
2026-05-19 23:03:21 +08:00:   port: 3002
2026-05-19 23:03:21 +08:00: }
2026-05-19 23:03:21 +08:00: Error: listen EADDRINUSE: address already in use 0.0.0.0:3002
2026-05-19 23:03:21 +08:00:     at Server.setupListenHandle [as _listen2] (node:net:1948:16)
2026-05-19 23:03:21 +08:00:     at listenInCluster (node:net:2005:12)
2026-05-19 23:03:21 +08:00:     at node:net:2214:7
2026-05-19 23:03:21 +08:00:     at process.processTicksAndRejections (node:internal/process/task_queues:90:21) {
2026-05-19 23:03:21 +08:00:   code: 'EADDRINUSE',
2026-05-19 23:03:21 +08:00:   errno: -4091,
2026-05-19 23:03:21 +08:00:   syscall: 'listen',
2026-05-19 23:03:21 +08:00:   address: '0.0.0.0',
2026-05-19 23:03:21 +08:00:   port: 3002
2026-05-19 23:03:21 +08:00: }
2026-05-19 23:03:22 +08:00: Error: listen EADDRINUSE: address already in use 0.0.0.0:3002
2026-05-19 23:03:22 +08:00:     at Server.setupListenHandle [as _listen2] (node:net:1948:16)
2026-05-19 23:03:22 +08:00:     at listenInCluster (node:net:2005:12)
2026-05-19 23:03:22 +08:00:     at node:net:2214:7
2026-05-19 23:03:22 +08:00:     at process.processTicksAndRejections (node:internal/process/task_queues:90:21) {
2026-05-19 23:03:22 +08:00:   code: 'EADDRINUSE',
2026-05-19 23:03:22 +08:00:   errno: -4091,
2026-05-19 23:03:22 +08:00:   syscall: 'listen',
2026-05-19 23:03:22 +08:00:   address: '0.0.0.0',
2026-05-19 23:03:22 +08:00:   port: 3002
2026-05-19 23:03:22 +08:00: }
2026-05-19 23:03:22 +08:00: Error: listen EADDRINUSE: address already in use 0.0.0.0:3002
2026-05-19 23:03:22 +08:00:     at Server.setupListenHandle [as _listen2] (node:net:1948:16)
2026-05-19 23:03:22 +08:00:     at listenInCluster (node:net:2005:12)
2026-05-19 23:03:22 +08:00:     at node:net:2214:7
2026-05-19 23:03:22 +08:00:     at process.processTicksAndRejections (node:internal/process/task_queues:90:21) {
2026-05-19 23:03:22 +08:00:   code: 'EADDRINUSE',
2026-05-19 23:03:22 +08:00:   errno: -4091,
2026-05-19 23:03:22 +08:00:   syscall: 'listen',
2026-05-19 23:03:22 +08:00:   address: '0.0.0.0',
2026-05-19 23:03:22 +08:00:   port: 3002
2026-05-19 23:03:22 +08:00: }
2026-05-19 23:03:23 +08:00: Error: listen EADDRINUSE: address already in use 0.0.0.0:3002
2026-05-19 23:03:23 +08:00:     at Server.setupListenHandle [as _listen2] (node:net:1948:16)
2026-05-19 23:03:23 +08:00:     at listenInCluster (node:net:2005:12)
2026-05-19 23:03:23 +08:00:     at node:net:2214:7
2026-05-19 23:03:23 +08:00:     at process.processTicksAndRejections (node:internal/process/task_queues:90:21) {
2026-05-19 23:03:23 +08:00:   code: 'EADDRINUSE',
2026-05-19 23:03:23 +08:00:   errno: -4091,
2026-05-19 23:03:23 +08:00:   syscall: 'listen',
2026-05-19 23:03:23 +08:00:   address: '0.0.0.0',
2026-05-19 23:03:23 +08:00:   port: 3002
2026-05-19 23:03:23 +08:00: }
2026-05-19 23:03:24 +08:00: Error: listen EADDRINUSE: address already in use 0.0.0.0:3002
2026-05-19 23:03:24 +08:00:     at Server.setupListenHandle [as _listen2] (node:net:1948:16)
2026-05-19 23:03:24 +08:00:     at listenInCluster (node:net:2005:12)
2026-05-19 23:03:24 +08:00:     at node:net:2214:7
2026-05-19 23:03:24 +08:00:     at process.processTicksAndRejections (node:internal/process/task_queues:90:21) {
2026-05-19 23:03:24 +08:00:   code: 'EADDRINUSE',
2026-05-19 23:03:24 +08:00:   errno: -4091,
2026-05-19 23:03:24 +08:00:   syscall: 'listen',
2026-05-19 23:03:24 +08:00:   address: '0.0.0.0',
2026-05-19 23:03:24 +08:00:   port: 3002
2026-05-19 23:03:24 +08:00: }
2026-05-19 23:03:25 +08:00: Error: listen EADDRINUSE: address already in use 0.0.0.0:3002
2026-05-19 23:03:25 +08:00:     at Server.setupListenHandle [as _listen2] (node:net:1948:16)
2026-05-19 23:03:25 +08:00:     at listenInCluster (node:net:2005:12)
2026-05-19 23:03:25 +08:00:     at node:net:2214:7
2026-05-19 23:03:25 +08:00:     at process.processTicksAndRejections (node:internal/process/task_queues:90:21) {
2026-05-19 23:03:25 +08:00:   code: 'EADDRINUSE',
2026-05-19 23:03:25 +08:00:   errno: -4091,
2026-05-19 23:03:25 +08:00:   syscall: 'listen',
2026-05-19 23:03:25 +08:00:   address: '0.0.0.0',
2026-05-19 23:03:25 +08:00:   port: 3002
2026-05-19 23:03:25 +08:00: }
2026-05-19 23:03:25 +08:00: Error: listen EADDRINUSE: address already in use 0.0.0.0:3002
2026-05-19 23:03:25 +08:00:     at Server.setupListenHandle [as _listen2] (node:net:1948:16)
2026-05-19 23:03:25 +08:00:     at listenInCluster (node:net:2005:12)
2026-05-19 23:03:25 +08:00:     at node:net:2214:7
2026-05-19 23:03:25 +08:00:     at process.processTicksAndRejections (node:internal/process/task_queues:90:21) {
2026-05-19 23:03:25 +08:00:   code: 'EADDRINUSE',
2026-05-19 23:03:25 +08:00:   errno: -4091,
2026-05-19 23:03:25 +08:00:   syscall: 'listen',
2026-05-19 23:03:25 +08:00:   address: '0.0.0.0',
2026-05-19 23:03:25 +08:00:   port: 3002
2026-05-19 23:03:25 +08:00: }
2026-05-19 23:03:26 +08:00: Error: listen EADDRINUSE: address already in use 0.0.0.0:3002
2026-05-19 23:03:26 +08:00:     at Server.setupListenHandle [as _listen2] (node:net:1948:16)
2026-05-19 23:03:26 +08:00:     at listenInCluster (node:net:2005:12)
2026-05-19 23:03:26 +08:00:     at node:net:2214:7
2026-05-19 23:03:26 +08:00:     at process.processTicksAndRejections (node:internal/process/task_queues:90:21) {
2026-05-19 23:03:26 +08:00:   code: 'EADDRINUSE',
2026-05-19 23:03:26 +08:00:   errno: -4091,
2026-05-19 23:03:26 +08:00:   syscall: 'listen',
2026-05-19 23:03:26 +08:00:   address: '0.0.0.0',
2026-05-19 23:03:26 +08:00:   port: 3002
2026-05-19 23:03:26 +08:00: }
2026-05-19 23:03:27 +08:00: Error: listen EADDRINUSE: address already in use 0.0.0.0:3002
2026-05-19 23:03:27 +08:00:     at Server.setupListenHandle [as _listen2] (node:net:1948:16)
2026-05-19 23:03:27 +08:00:     at listenInCluster (node:net:2005:12)
2026-05-19 23:03:27 +08:00:     at node:net:2214:7
2026-05-19 23:03:27 +08:00:     at process.processTicksAndRejections (node:internal/process/task_queues:90:21) {
2026-05-19 23:03:27 +08:00:   code: 'EADDRINUSE',
2026-05-19 23:03:27 +08:00:   errno: -4091,
2026-05-19 23:03:27 +08:00:   syscall: 'listen',
2026-05-19 23:03:27 +08:00:   address: '0.0.0.0',
2026-05-19 23:03:27 +08:00:   port: 3002
2026-05-19 23:03:27 +08:00: }
2026-05-19 23:03:28 +08:00: Error: listen EADDRINUSE: address already in use 0.0.0.0:3002
2026-05-19 23:03:28 +08:00:     at Server.setupListenHandle [as _listen2] (node:net:1948:16)
2026-05-19 23:03:28 +08:00:     at listenInCluster (node:net:2005:12)
2026-05-19 23:03:28 +08:00:     at node:net:2214:7
2026-05-19 23:03:28 +08:00:     at process.processTicksAndRejections (node:internal/process/task_queues:90:21) {
2026-05-19 23:03:28 +08:00:   code: 'EADDRINUSE',
2026-05-19 23:03:28 +08:00:   errno: -4091,
2026-05-19 23:03:28 +08:00:   syscall: 'listen',
2026-05-19 23:03:28 +08:00:   address: '0.0.0.0',
2026-05-19 23:03:28 +08:00:   port: 3002
2026-05-19 23:03:28 +08:00: }
2026-05-19 23:03:28 +08:00: Error: listen EADDRINUSE: address already in use 0.0.0.0:3002
2026-05-19 23:03:28 +08:00:     at Server.setupListenHandle [as _listen2] (node:net:1948:16)
2026-05-19 23:03:28 +08:00:     at listenInCluster (node:net:2005:12)
2026-05-19 23:03:28 +08:00:     at node:net:2214:7
2026-05-19 23:03:28 +08:00:     at process.processTicksAndRejections (node:internal/process/task_queues:90:21) {
2026-05-19 23:03:28 +08:00:   code: 'EADDRINUSE',
2026-05-19 23:03:28 +08:00:   errno: -4091,
2026-05-19 23:03:28 +08:00:   syscall: 'listen',
2026-05-19 23:03:28 +08:00:   address: '0.0.0.0',
2026-05-19 23:03:28 +08:00:   port: 3002
2026-05-19 23:03:28 +08:00: }
2026-05-19 23:03:29 +08:00: Error: listen EADDRINUSE: address already in use 0.0.0.0:3002
2026-05-19 23:03:29 +08:00:     at Server.setupListenHandle [as _listen2] (node:net:1948:16)
2026-05-19 23:03:29 +08:00:     at listenInCluster (node:net:2005:12)
2026-05-19 23:03:29 +08:00:     at node:net:2214:7
2026-05-19 23:03:29 +08:00:     at process.processTicksAndRejections (node:internal/process/task_queues:90:21) {
2026-05-19 23:03:29 +08:00:   code: 'EADDRINUSE',
2026-05-19 23:03:29 +08:00:   errno: -4091,
2026-05-19 23:03:29 +08:00:   syscall: 'listen',
2026-05-19 23:03:29 +08:00:   address: '0.0.0.0',
2026-05-19 23:03:29 +08:00:   port: 3002
2026-05-19 23:03:29 +08:00: }
2026-05-19 23:03:30 +08:00: Error: listen EADDRINUSE: address already in use 0.0.0.0:3002
2026-05-19 23:03:30 +08:00:     at Server.setupListenHandle [as _listen2] (node:net:1948:16)
2026-05-19 23:03:30 +08:00:     at listenInCluster (node:net:2005:12)
2026-05-19 23:03:30 +08:00:     at node:net:2214:7
2026-05-19 23:03:30 +08:00:     at process.processTicksAndRejections (node:internal/process/task_queues:90:21) {
2026-05-19 23:03:30 +08:00:   code: 'EADDRINUSE',
2026-05-19 23:03:30 +08:00:   errno: -4091,
2026-05-19 23:03:30 +08:00:   syscall: 'listen',
2026-05-19 23:03:30 +08:00:   address: '0.0.0.0',
2026-05-19 23:03:30 +08:00:   port: 3002
2026-05-19 23:03:30 +08:00: }
