2026-05-19 23:09:16 +08:00: MySQL 连接成功 (192.168.3.6)
2026-05-19 23:09:16 +08:00: 所有表创建完成
2026-05-19 23:09:16 +08:00: 数据库初始化完成
2026-05-19 23:09:16 +08:00: 
2026-05-19 23:09:16 +08:00: =========================================
2026-05-19 23:09:16 +08:00:   成绩分析系统已启动 (WebSocket 已启用)
2026-05-19 23:09:16 +08:00:   本地访问: http://127.0.0.1:3001
2026-05-19 23:09:16 +08:00:   局域网访问: http://192.168.3.5:3001
2026-05-19 23:09:16 +08:00:   WS:    ws://192.168.3.5:3001
2026-05-19 23:09:16 +08:00:   班级账号最大连接数: 2
2026-05-19 23:09:16 +08:00:   会话空闲超时: 15 分钟无操作需重新登录
2026-05-19 23:09:16 +08:00: =========================================
2026-05-19 23:09:16 +08:00: 默认管理员: admin / admin123
2026-05-19 23:09:22 +08:00: [2026-05-19 23:09:22] [192.168.3.5] [柯宇(0187/teacher)] 登录成功 [teacher] [记住我:undefined]
2026-05-19 23:09:22 +08:00: [WS] 连接: 柯宇(0187) [teacher] session=VDQRUFlHlJ6IFvD8KYUly4NHAmCm4RsS socketId=NxCZg50ZryCrkluOAAAB
2026-05-19 23:09:22 +08:00: [WS] 已绑定用户: 柯宇(0187) 到 socket=NxCZg50ZryCrkluOAAAB
2026-05-19 23:09:22 +08:00: [WS] userId=40 当前会话数: 0
2026-05-19 23:09:22 +08:00: [WS] userId=40 添加新会话, 当前总会话数: 1
2026-05-19 23:09:25 +08:00: 加载评分数据: { class_id: '11', month: '2026-05', count: 0 }
2026-05-19 23:35:16 +08:00: MySQL 连接成功 (192.168.3.6)
2026-05-19 23:35:16 +08:00: 所有表创建完成
2026-05-19 23:35:16 +08:00: 数据库初始化完成
2026-05-19 23:35:16 +08:00: 
2026-05-19 23:35:16 +08:00: =========================================
2026-05-19 23:35:16 +08:00:   成绩分析系统已启动 (WebSocket 已启用)
2026-05-19 23:35:16 +08:00:   本地访问: http://127.0.0.1:3001
2026-05-19 23:35:16 +08:00:   局域网访问: http://192.168.3.5:3001
2026-05-19 23:35:16 +08:00:   WS:    ws://192.168.3.5:3001
2026-05-19 23:35:16 +08:00:   班级账号最大连接数: 2
2026-05-19 23:35:16 +08:00:   会话空闲超时: 15 分钟无操作需重新登录
2026-05-19 23:35:16 +08:00: =========================================
2026-05-19 23:35:16 +08:00: 默认管理员: admin / admin123
2026-05-19 23:35:31 +08:00: [2026-05-19 23:35:31] [192.168.3.5] [柯宇(0187/teacher)] 登录成功 [teacher] [记住我:undefined]
2026-05-19 23:35:31 +08:00: [WS] 连接: 柯宇(0187) [teacher] session=xzJdM2xU7LUHFxcsjKF3pRZkt2GqvvWm socketId=c0Wj74HbeW3Ggs_FAAAB
2026-05-19 23:35:31 +08:00: [WS] 已绑定用户: 柯宇(0187) 到 socket=c0Wj74HbeW3Ggs_FAAAB
2026-05-19 23:35:31 +08:00: [WS] userId=40 当前会话数: 0
2026-05-19 23:35:31 +08:00: [WS] userId=40 添加新会话, 当前总会话数: 1
2026-05-19 23:35:35 +08:00: [WS] 断开: 柯宇(0187) socketId=c0Wj74HbeW3Ggs_FAAAB
2026-05-19 23:35:35 +08:00: 加载评分数据: { class_id: '11', month: '2026-05', count: 0 }
2026-05-19 23:35:44 +08:00: [WS] 连接: 柯宇(0187) [teacher] session=xzJdM2xU7LUHFxcsjKF3pRZkt2GqvvWm socketId=KI2gi8Jg8gDeUUUVAAAH
2026-05-19 23:35:44 +08:00: [WS] 已绑定用户: 柯宇(0187) 到 socket=KI2gi8Jg8gDeUUUVAAAH
2026-05-19 23:35:44 +08:00: [WS] userId=40 当前会话数: 0
2026-05-19 23:35:44 +08:00: [WS] userId=40 添加新会话, 当前总会话数: 1
2026-05-19 23:36:29 +08:00: [WS] 断开: 柯宇(0187) socketId=KI2gi8Jg8gDeUUUVAAAH
2026-05-19 23:37:04 +08:00: [WS] 连接: 柯宇(0187) [teacher] session=xzJdM2xU7LUHFxcsjKF3pRZkt2GqvvWm socketId=2XmHMaLGqLEasVvoAAAL
2026-05-19 23:37:04 +08:00: [WS] 已绑定用户: 柯宇(0187) 到 socket=2XmHMaLGqLEasVvoAAAL
2026-05-19 23:37:04 +08:00: [WS] userId=40 当前会话数: 0
2026-05-19 23:37:04 +08:00: [WS] userId=40 添加新会话, 当前总会话数: 1
2026-05-19 23:37:08 +08:00: [WS] 断开: 柯宇(0187) socketId=2XmHMaLGqLEasVvoAAAL
2026-05-19 23:37:09 +08:00: [WS] 断开: 柯宇(0187) socketId=8-_AzHO3fqgqUf5LAAAN
2026-05-19 23:37:19 +08:00: [WS] 连接: 柯宇(0187) [teacher] session=xzJdM2xU7LUHFxcsjKF3pRZkt2GqvvWm socketId=jK8ZS6edW7huwPyhAAAR
2026-05-19 23:37:19 +08:00: [WS] 已绑定用户: 柯宇(0187) 到 socket=jK8ZS6edW7huwPyhAAAR
2026-05-19 23:37:19 +08:00: [WS] userId=40 当前会话数: 0
2026-05-19 23:37:19 +08:00: [WS] userId=40 添加新会话, 当前总会话数: 1
2026-05-19 23:37:24 +08:00: [WS] 连接: 柯宇(0187) [teacher] session=xzJdM2xU7LUHFxcsjKF3pRZkt2GqvvWm socketId=A8V-XchCsn3-1vJAAAAT
2026-05-19 23:37:24 +08:00: [WS] 已绑定用户: 柯宇(0187) 到 socket=A8V-XchCsn3-1vJAAAAT
2026-05-19 23:37:24 +08:00: [WS] userId=40 当前会话数: 0
2026-05-19 23:37:24 +08:00: [WS] userId=40 添加新会话, 当前总会话数: 1
2026-05-19 23:39:12 +08:00: [WS] 连接: 柯宇(0187) [teacher] session=xzJdM2xU7LUHFxcsjKF3pRZkt2GqvvWm socketId=QzaiMI2rhu-FdCu6AAAV
2026-05-19 23:39:12 +08:00: [WS] 已绑定用户: 柯宇(0187) 到 socket=QzaiMI2rhu-FdCu6AAAV
2026-05-19 23:39:12 +08:00: [WS] userId=40 当前会话数: 0
2026-05-19 23:39:12 +08:00: [WS] userId=40 添加新会话, 当前总会话数: 1
2026-05-19 23:39:22 +08:00: [2026-05-19 23:39:22] [192.168.3.5] [柯宇(0187/teacher)] 账号 柯宇(0187) 退出登录 [teacher]
